2025-06-20 15:26:22,017 - INFO - Starting sync every 10 seconds...
2025-06-20 15:26:22,060 - WARNING - Failed to fetch users: 401 - {"detail":"Not authenticated"}
2025-06-20 15:26:22,060 - INFO - No updated users from API.
2025-06-20 15:26:32,074 - WARNING - Failed to fetch users: 401 - {"detail":"Not authenticated"}
2025-06-20 15:26:32,075 - INFO - No updated users from API.
2025-06-20 15:26:42,097 - WARNING - Failed to fetch users: 401 - {"detail":"Not authenticated"}
2025-06-20 15:26:42,098 - INFO - No updated users from API.
2025-06-20 15:26:52,113 - WARNING - Failed to fetch users: 401 - {"detail":"Not authenticated"}
2025-06-20 15:26:52,113 - INFO - No updated users from API.
2025-06-20 15:27:02,146 - WARNING - Failed to fetch users: 401 - {"detail":"Not authenticated"}
2025-06-20 15:27:02,153 - INFO - No updated users from API.
2025-06-20 15:27:12,181 - WARNING - Failed to fetch users: 401 - {"detail":"Not authenticated"}
2025-06-20 15:27:12,181 - INFO - No updated users from API.
2025-06-20 15:27:22,207 - WARNING - Failed to fetch users: 401 - {"detail":"Not authenticated"}
2025-06-20 15:27:22,208 - INFO - No updated users from API.
2025-06-20 15:27:32,233 - WARNING - Failed to fetch users: 401 - {"detail":"Not authenticated"}
2025-06-20 15:27:32,233 - INFO - No updated users from API.
2025-06-20 15:27:42,251 - WARNING - Failed to fetch users: 401 - {"detail":"Not authenticated"}
2025-06-20 15:27:42,251 - INFO - No updated users from API.
2025-06-20 15:27:52,269 - WARNING - Failed to fetch users: 401 - {"detail":"Not authenticated"}
2025-06-20 15:27:52,269 - INFO - No updated users from API.
2025-06-20 15:28:02,300 - WARNING - Failed to fetch users: 401 - {"detail":"Not authenticated"}
2025-06-20 15:28:02,300 - INFO - No updated users from API.
2025-06-20 15:29:26,824 - INFO - Starting incremental sync every 10 seconds...
2025-06-20 15:29:26,841 - ERROR - Failed to retrieve token: 400 - {"detail":"Incorrect username or password"}
2025-06-20 15:29:26,841 - INFO - No new or updated users fetched.
2025-06-20 15:29:36,847 - ERROR - Failed to retrieve token: 400 - {"detail":"Incorrect username or password"}
2025-06-20 15:29:36,847 - INFO - No new or updated users fetched.
2025-06-20 15:30:29,971 - INFO - Starting incremental sync every 10 seconds...
2025-06-20 15:30:29,976 - ERROR - Failed to retrieve token: 400 - {"detail":"Incorrect username or password"}
2025-06-20 15:30:29,977 - INFO - No new or updated users fetched.
2025-06-20 15:30:39,987 - ERROR - Failed to retrieve token: 400 - {"detail":"Incorrect username or password"}
2025-06-20 15:30:39,988 - INFO - No new or updated users fetched.
2025-06-20 15:30:49,998 - ERROR - Failed to retrieve token: 400 - {"detail":"Incorrect username or password"}
2025-06-20 15:30:49,999 - INFO - No new or updated users fetched.
2025-06-20 15:42:04,424 - INFO - Starting incremental sync every 10 seconds...
2025-06-20 15:42:04,486 - INFO - 15 users inserted or updated.
2025-06-20 15:42:14,581 - INFO - 61 users inserted or updated.
2025-06-20 15:42:24,718 - INFO - 109 users inserted or updated.
2025-06-20 15:42:34,889 - INFO - 158 users inserted or updated.
2025-06-20 15:42:45,088 - INFO - 207 users inserted or updated.
2025-06-20 15:42:55,317 - INFO - 255 users inserted or updated.
2025-06-20 15:43:05,592 - INFO - 304 users inserted or updated.
2025-06-20 15:43:15,900 - INFO - 353 users inserted or updated.
2025-06-20 15:43:26,241 - INFO - 403 users inserted or updated.
2025-06-20 15:43:36,625 - INFO - 453 users inserted or updated.
2025-06-20 15:43:47,069 - INFO - 503 users inserted or updated.
2025-06-20 15:43:57,532 - INFO - 553 users inserted or updated.
2025-06-20 15:44:08,037 - INFO - 604 users inserted or updated.
2025-06-20 15:44:18,572 - INFO - 654 users inserted or updated.
2025-06-20 15:44:29,150 - INFO - 705 users inserted or updated.
2025-06-20 15:44:39,749 - INFO - 756 users inserted or updated.
2025-06-20 15:44:50,376 - INFO - 769 users inserted or updated.
2025-06-20 15:45:01,005 - INFO - 811 users inserted or updated.
2025-06-20 15:45:11,688 - INFO - 863 users inserted or updated.
2025-06-20 15:45:22,420 - INFO - 914 users inserted or updated.
2025-06-20 15:45:33,190 - INFO - 965 users inserted or updated.
2025-06-20 15:45:43,993 - INFO - 1017 users inserted or updated.
2025-06-20 15:45:54,842 - INFO - 1069 users inserted or updated.
2025-06-20 15:46:05,729 - INFO - 1122 users inserted or updated.
2025-06-20 15:46:16,652 - INFO - 1174 users inserted or updated.
2025-06-20 15:46:27,651 - INFO - 1227 users inserted or updated.
2025-06-20 15:46:38,596 - INFO - 1280 users inserted or updated.
2025-06-20 15:46:49,643 - INFO - 1332 users inserted or updated.
2025-06-20 15:47:00,859 - INFO - 1385 users inserted or updated.
2025-06-20 15:47:12,033 - INFO - 1434 users inserted or updated.
2025-06-20 15:47:23,192 - INFO - 1485 users inserted or updated.
2025-06-20 15:47:34,451 - INFO - 1538 users inserted or updated.
2025-06-20 15:47:45,717 - INFO - 1591 users inserted or updated.
2025-06-20 15:47:57,020 - INFO - 1645 users inserted or updated.
2025-06-20 15:48:08,351 - INFO - 1699 users inserted or updated.
2025-06-20 15:48:19,683 - INFO - 1753 users inserted or updated.
2025-06-20 15:48:31,052 - INFO - 1769 users inserted or updated.
2025-06-20 15:48:42,489 - INFO - 1815 users inserted or updated.
2025-06-20 15:48:53,925 - INFO - 1870 users inserted or updated.
2025-06-20 15:49:05,450 - INFO - 1924 users inserted or updated.
2025-06-20 15:49:16,968 - INFO - 1979 users inserted or updated.
2025-06-20 15:49:28,547 - INFO - 2034 users inserted or updated.
2025-06-20 15:49:40,166 - INFO - 2090 users inserted or updated.
2025-06-20 15:49:51,870 - INFO - 2145 users inserted or updated.
2025-06-20 15:50:03,582 - INFO - 2201 users inserted or updated.
2025-06-20 15:50:15,330 - INFO - 2257 users inserted or updated.
2025-06-20 15:50:27,134 - INFO - 2314 users inserted or updated.
2025-06-20 15:50:38,980 - INFO - 2370 users inserted or updated.
2025-06-20 15:50:50,884 - INFO - 2427 users inserted or updated.
2025-06-20 15:51:02,781 - INFO - 2484 users inserted or updated.
2025-06-20 15:51:14,772 - INFO - 2541 users inserted or updated.
2025-06-20 15:51:26,762 - INFO - 2598 users inserted or updated.
2025-06-20 15:51:38,841 - INFO - 2655 users inserted or updated.
2025-06-20 15:51:50,935 - INFO - 2713 users inserted or updated.
2025-06-20 15:52:03,077 - INFO - 2769 users inserted or updated.
2025-06-20 15:52:15,233 - INFO - 2781 users inserted or updated.
2025-06-20 15:52:27,437 - INFO - 2839 users inserted or updated.
2025-06-20 15:52:39,660 - INFO - 2897 users inserted or updated.
2025-06-20 15:52:51,949 - INFO - 2955 users inserted or updated.
2025-06-20 15:53:04,340 - INFO - 3012 users inserted or updated.
2025-06-20 15:53:16,753 - INFO - 3071 users inserted or updated.
2025-06-20 15:53:29,209 - INFO - 3129 users inserted or updated.
2025-06-20 15:53:41,703 - INFO - 3188 users inserted or updated.
2025-06-20 15:53:54,205 - INFO - 3247 users inserted or updated.
2025-06-20 15:54:06,738 - INFO - 3306 users inserted or updated.
2025-06-20 15:54:19,312 - INFO - 3366 users inserted or updated.
2025-06-20 15:54:31,992 - INFO - 3426 users inserted or updated.
2025-06-20 15:54:44,744 - INFO - 3486 users inserted or updated.
2025-06-20 15:54:57,516 - INFO - 3546 users inserted or updated.
2025-06-20 15:55:10,315 - INFO - 3607 users inserted or updated.
2025-06-20 15:55:23,151 - INFO - 3668 users inserted or updated.
2025-06-20 15:55:36,041 - INFO - 3728 users inserted or updated.
2025-06-20 15:55:48,921 - INFO - 3769 users inserted or updated.
2025-06-20 15:56:01,857 - INFO - 3803 users inserted or updated.
2025-06-20 15:56:14,804 - INFO - 3865 users inserted or updated.
2025-06-20 15:56:27,798 - INFO - 3926 users inserted or updated.
2025-06-20 15:56:40,880 - INFO - 3987 users inserted or updated.
2025-06-20 15:56:54,037 - INFO - 4049 users inserted or updated.
2025-06-20 15:57:07,264 - INFO - 4111 users inserted or updated.
2025-06-20 15:57:20,473 - INFO - 4172 users inserted or updated.
2025-06-20 15:57:33,785 - INFO - 4234 users inserted or updated.
2025-06-20 15:57:47,152 - INFO - 4297 users inserted or updated.
2025-06-20 15:58:00,543 - INFO - 4360 users inserted or updated.
2025-06-20 15:58:13,986 - INFO - 4423 users inserted or updated.
2025-06-20 15:58:27,496 - INFO - 4487 users inserted or updated.
2025-06-20 15:58:40,997 - INFO - 4551 users inserted or updated.
2025-06-20 15:58:54,635 - INFO - 4614 users inserted or updated.
2025-06-20 15:59:08,315 - INFO - 4678 users inserted or updated.
2025-06-20 15:59:22,048 - INFO - 4743 users inserted or updated.
2025-06-20 15:59:35,608 - INFO - 4769 users inserted or updated.
2025-06-20 15:59:49,326 - INFO - 4825 users inserted or updated.
2025-06-20 16:00:03,320 - INFO - 4886 users inserted or updated.
2025-06-20 16:00:17,261 - INFO - 4950 users inserted or updated.
2025-06-20 16:00:34,012 - INFO - 4997 users inserted or updated.
2025-06-20 16:00:50,819 - INFO - 5042 users inserted or updated.
2025-06-20 16:01:08,072 - INFO - 5088 users inserted or updated.
2025-06-20 16:01:22,160 - INFO - 5137 users inserted or updated.
2025-06-20 16:01:36,220 - INFO - 5204 users inserted or updated.
2025-06-20 16:01:50,391 - INFO - 5270 users inserted or updated.
2025-06-20 16:02:04,746 - INFO - 5336 users inserted or updated.
2025-06-20 16:02:18,920 - INFO - 5402 users inserted or updated.
2025-06-20 16:02:33,300 - INFO - 5468 users inserted or updated.
2025-06-20 16:02:47,587 - INFO - 5535 users inserted or updated.
2025-06-20 16:03:02,127 - INFO - 5602 users inserted or updated.
2025-06-20 16:03:16,558 - INFO - 5669 users inserted or updated.
2025-06-20 16:03:31,050 - INFO - 5736 users inserted or updated.
2025-06-20 16:03:45,661 - INFO - 5769 users inserted or updated.
2025-06-20 16:04:01,317 - INFO - 5824 users inserted or updated.
2025-06-20 16:04:19,017 - INFO - 5870 users inserted or updated.
2025-06-20 16:04:37,386 - INFO - 5921 users inserted or updated.
2025-06-20 16:04:55,944 - INFO - 5968 users inserted or updated.
2025-06-20 16:05:13,846 - INFO - 6013 users inserted or updated.
2025-06-20 16:05:31,887 - INFO - 6064 users inserted or updated.
2025-06-20 16:05:50,224 - INFO - 6109 users inserted or updated.
2025-06-20 16:06:08,469 - INFO - 6158 users inserted or updated.
2025-06-20 16:06:26,860 - INFO - 6209 users inserted or updated.
2025-06-20 16:06:45,085 - INFO - 6259 users inserted or updated.
2025-06-20 16:07:03,415 - INFO - 6310 users inserted or updated.
2025-06-20 16:07:21,840 - INFO - 6361 users inserted or updated.
2025-06-20 16:07:40,604 - INFO - 6413 users inserted or updated.
2025-06-20 16:07:59,107 - INFO - 6465 users inserted or updated.
2025-06-20 16:08:17,819 - INFO - 6515 users inserted or updated.
2025-06-20 16:08:36,651 - INFO - 6567 users inserted or updated.
2025-06-20 16:08:54,191 - INFO - 6620 users inserted or updated.
2025-06-20 16:09:13,020 - INFO - 6672 users inserted or updated.
2025-06-20 16:09:31,661 - INFO - 6724 users inserted or updated.
2025-06-20 16:09:51,899 - INFO - 6769 users inserted or updated.
2025-06-20 16:10:10,767 - INFO - 6807 users inserted or updated.
2025-06-20 16:10:30,025 - INFO - 6860 users inserted or updated.
2025-06-20 16:10:48,627 - INFO - 6912 users inserted or updated.
2025-06-20 16:11:07,909 - INFO - 6966 users inserted or updated.
2025-06-20 16:11:27,119 - INFO - 7022 users inserted or updated.
2025-06-20 16:11:46,747 - INFO - 7075 users inserted or updated.
2025-06-20 16:12:06,164 - INFO - 7130 users inserted or updated.
2025-06-20 16:12:25,739 - INFO - 7186 users inserted or updated.
2025-06-20 16:12:45,159 - INFO - 7237 users inserted or updated.
2025-06-20 16:13:04,702 - INFO - 7292 users inserted or updated.
2025-06-20 16:13:20,581 - INFO - 7352 users inserted or updated.
2025-06-20 16:13:37,533 - INFO - 7425 users inserted or updated.
2025-06-20 16:13:54,076 - INFO - 7480 users inserted or updated.
2025-06-20 16:14:10,075 - INFO - 7555 users inserted or updated.
2025-06-20 16:14:26,270 - INFO - 7628 users inserted or updated.
